npm warn Unknown project config "auto-install-peers". This will stop working in the next major version of npm.
npm warn Unknown project config "strict-peer-dependencies". This will stop working in the next major version of npm.

> my-v0-project@0.1.0 build
> next build

   ▲ Next.js 15.4.6
   - Environments: .env.local, .env
   - Experiments (use with caution):
     · optimizePackageImports

   Creating an optimized production build ...
 ⚠ Compiled with warnings in 10.0s

./lib/invitation/reminder-scheduler.ts
Attempted import error: 'BrevoEmailService' is not exported from '@/lib/email/brevo-service' (imported as 'BrevoEmailService').

Import trace for requested module:
./lib/invitation/reminder-scheduler.ts
./app/api/invitations/v2/reminders/process/route.ts

./lib/invitation/smart-resend-manager.ts
Attempted import error: 'BrevoEmailService' is not exported from '@/lib/email/brevo-service' (imported as 'BrevoEmailService').

Import trace for requested module:
./lib/invitation/smart-resend-manager.ts
./app/api/invitations/v2/smart-resend/route.ts

./services/unifiedImportProcessor.ts
Attempted import error: 'OKRImportProcessor' is not exported from './okrImportProcessor' (imported as 'OKRImportProcessor').

Import trace for requested module:
./services/unifiedImportProcessor.ts
./app/api/upload/unified/route.ts

./services/unifiedImportProcessor.ts
Attempted import error: 'OKRImportProcessor' is not exported from './okrImportProcessor' (imported as 'OKRImportProcessor').

Import trace for requested module:
./services/unifiedImportProcessor.ts
./app/api/upload/unified/route.ts

   Skipping validation of types
   Skipping linting
   Collecting page data ...
[Redis] Connection error: getaddrinfo ENOTFOUND redis-16462.c308.sa-east-1-1.ec2.redns.redis-cloud.com

> Build error occurred
[Error: Cannot find module '/Users/agustinmontoya/Projectos/initiative-dashboard/.next/server/next-font-manifest.json'
Require stack:
- /Users/agustinmontoya/Projectos/initiative-dashboard/node_modules/.pnpm/next@15.4.6_@babel+core@7.28.0_@opentelemetry+api@1.9.0_@playwright+test@1.54.2_react-d_5866795736abe70299572a5dd5f56395/node_modules/next/dist/export/index.js
- /Users/agustinmontoya/Projectos/initiative-dashboard/node_modules/.pnpm/next@15.4.6_@babel+core@7.28.0_@opentelemetry+api@1.9.0_@playwright+test@1.54.2_react-d_5866795736abe70299572a5dd5f56395/node_modules/next/dist/build/index.js
- /Users/agustinmontoya/Projectos/initiative-dashboard/node_modules/.pnpm/next@15.4.6_@babel+core@7.28.0_@opentelemetry+api@1.9.0_@playwright+test@1.54.2_react-d_5866795736abe70299572a5dd5f56395/node_modules/next/dist/cli/next-build.js] {
  code: 'MODULE_NOT_FOUND',
  requireStack: [Array]
}
